<?xml version="1.0" encoding="UTF-8"?>
<!-- Generated by org.testng.reporters.JUnitReportReporter -->
<testsuite hostname="SAMPATH" failures="0" tests="1" name="com.crm.practice.HOver_Vtiger" time="6.593" errors="0" timestamp="2021-09-17T11:47:21 IST" skipped="0">
  <testcase classname="com.crm.practice.HOver_Vtiger" name="hover_Vtiger_Org" time="6.593"/>
  <system-out/>
</testsuite> <!-- com.crm.practice.HOver_Vtiger -->
