<?xml version="1.0" encoding="UTF-8"?>
<!-- Generated by org.testng.reporters.JUnitReportReporter -->
<testsuite hostname="SAMPATH" failures="0" tests="1" name="com.crm.practice.LensKartTest_AutoSuggestion" time="38.948" errors="0" timestamp="2021-09-16T10:59:47 IST" skipped="0">
  <testcase classname="com.crm.practice.LensKartTest_AutoSuggestion" name="lenskartAutoSuggestionTest" time="38.948"/>
  <system-out/>
</testsuite> <!-- com.crm.practice.LensKartTest_AutoSuggestion -->
