<?xml version="1.0" encoding="UTF-8"?>
<!-- Generated by org.testng.reporters.JUnitReportReporter -->
<testsuite hostname="SAMPATH" failures="0" tests="1" name="com.crm.Kentaurus.Vtiger.TC_25_CreateOrg_Test_CreateOrgType" time="10.112" errors="0" timestamp="2021-09-17T12:21:48 IST" skipped="0">
  <testcase classname="com.crm.Kentaurus.Vtiger.TC_25_CreateOrg_Test_CreateOrgType" name="createOrg1Test" time="10.112"/>
  <system-out/>
</testsuite> <!-- com.crm.Kentaurus.Vtiger.TC_25_CreateOrg_Test_CreateOrgType -->
