<?xml version="1.0" encoding="UTF-8"?>
<!-- Generated by org.testng.reporters.JUnitReportReporter -->
<testsuite hostname="SAMPATH" failures="0" tests="1" name="com.crm.Kentaurus.Vtiger.TC_21_OrgTest_CreateOrgTest" time="6.357" errors="0" timestamp="2021-09-14T16:34:53 IST" skipped="0">
  <testcase classname="com.crm.Kentaurus.Vtiger.TC_21_OrgTest_CreateOrgTest" name="createOrg1Test" time="6.357"/>
  <system-out/>
</testsuite> <!-- com.crm.Kentaurus.Vtiger.TC_21_OrgTest_CreateOrgTest -->
