<?xml version="1.0" encoding="UTF-8"?>
<!-- Generated by org.testng.reporters.JUnitReportReporter -->
<testsuite hostname="SAMPATH" failures="0" tests="1" name="com.crm.Kentaurus.Vtiger.TC_01_CreateOrganizationTest" time="23.035" errors="0" timestamp="2021-09-15T12:54:37 IST" skipped="0">
  <testcase classname="com.crm.Kentaurus.Vtiger.TC_01_CreateOrganizationTest" name="createOrganizationTest" time="23.035"/>
  <system-out/>
</testsuite> <!-- com.crm.Kentaurus.Vtiger.TC_01_CreateOrganizationTest -->
