<?xml version="1.0" encoding="UTF-8"?>
<!-- Generated by org.testng.reporters.JUnitReportReporter -->
<testsuite hostname="SAMPATH" failures="0" tests="1" name="com.crm.Kentaurus.Vtiger.TC_21_OrgTest_CreateOrgTesst" time="10.716" errors="0" timestamp="2021-09-14T21:10:30 IST" skipped="0">
  <testcase classname="com.crm.Kentaurus.Vtiger.TC_21_OrgTest_CreateOrgTesst" name="createOrg1Test" time="10.716"/>
  <system-out/>
</testsuite> <!-- com.crm.Kentaurus.Vtiger.TC_21_OrgTest_CreateOrgTesst -->
