<?xml version="1.0" encoding="UTF-8"?>
<!-- Generated by org.testng.reporters.JUnitReportReporter -->
<testsuite hostname="SAMPATH" failures="0" tests="1" name="com.crm.Kentaurus.Vtiger.TC_22_OrgTest_CreateOrgTestLogout" time="12.564" errors="0" timestamp="2021-09-17T12:21:48 IST" skipped="0">
  <testcase classname="com.crm.Kentaurus.Vtiger.TC_22_OrgTest_CreateOrgTestLogout" name="createOrg1Test" time="12.564"/>
  <system-out/>
</testsuite> <!-- com.crm.Kentaurus.Vtiger.TC_22_OrgTest_CreateOrgTestLogout -->
