<?xml version="1.0" encoding="UTF-8"?>
<!-- Generated by org.testng.reporters.JUnitReportReporter -->
<testsuite hostname="SAMPATH" failures="0" tests="1" name="com.crm.practice.Sample_File_Read_XML" time="0.014" errors="0" timestamp="2021-09-07T15:05:42 IST" skipped="0">
  <testcase classname="com.crm.practice.Sample_File_Read_XML" name="Read_Data_XML" time="0.014"/>
  <system-out/>
</testsuite> <!-- com.crm.practice.Sample_File_Read_XML -->
